<?xml version="1.0" encoding="UTF-8"?>
<!-- Generated by org.testng.reporters.JUnitXMLReporter -->
<testsuite ignored="0" hostname="sabari" failures="0" tests="4" name="Default test" time="108.927" errors="0" timestamp="2022-10-29T13:07:00 IST">
  <testcase classname="com.educationalDomain.sadp.Scripts.TestCase2" name="testcase2" time="26.217"/>
  <testcase classname="com.educationalDomain.sadp.Scripts.TestCase2" name="testcase2" time="21.366"/>
  <testcase classname="com.educationalDomain.sadp.Scripts.TestCase2" name="testcase2" time="22.216"/>
  <testcase classname="com.educationalDomain.sadp.Scripts.TestCase2" name="testcase2" time="23.419"/>
</testsuite> <!-- Default test -->
