<?xml version="1.0" encoding="UTF-8"?>
<!-- Generated by org.testng.reporters.JUnitXMLReporter -->
<testsuite ignored="10" hostname="sabari" failures="1" tests="9" name="Test" time="231.86" errors="0" timestamp="2022-10-27T14:11:31 IST">
  <testcase classname="com.educationalDomain.sadp.Scripts.TestCase6" name="testcase6" time="19.542">
    <failure type="java.sql.SQLException" message="Column Index out of range, 3 &amp;gt; 2. ">
      <![CDATA[java.sql.SQLException: Column Index out of range, 3 > 2. 
at com.mysql.cj.jdbc.exceptions.SQLError.createSQLException(SQLError.java:129)
at com.mysql.cj.jdbc.exceptions.SQLError.createSQLException(SQLError.java:97)
at com.mysql.cj.jdbc.exceptions.SQLError.createSQLException(SQLError.java:89)
at com.mysql.cj.jdbc.exceptions.SQLError.createSQLException(SQLError.java:63)
at com.mysql.cj.jdbc.result.ResultSetImpl.checkColumnBounds(ResultSetImpl.java:509)
at com.mysql.cj.jdbc.result.ResultSetImpl.getString(ResultSetImpl.java:879)
at com.educationalDomain.sadp.GenericLibraries.FileUtilities.queryExecution(FileUtilities.java:85)
at com.educationalDomain.sadp.Scripts.TestCase6.testcase6(TestCase6.java:24)
at java.base/java.util.ArrayList.forEach(ArrayList.java:1511)
... Removed 25 stack frames]]>
    </failure>
  </testcase> <!-- testcase6 -->
  <testcase classname="com.educationalDomain.sadp.Scripts.TestCase3" name="testcase3" time="19.699"/>
  <testcase classname="com.educationalDomain.sadp.Scripts.TestCase2" name="testcase2" time="22.995"/>
  <testcase classname="com.educationalDomain.sadp.Scripts.TestCase2" name="testcase2" time="22.468"/>
  <testcase classname="com.educationalDomain.sadp.Scripts.TestCase2" name="testcase2" time="23.292"/>
  <testcase classname="com.educationalDomain.sadp.Scripts.TestCase2" name="testcase2" time="23.07"/>
  <testcase classname="com.educationalDomain.sadp.Scripts.TestCase5" name="testcase5" time="10.828"/>
  <testcase classname="com.educationalDomain.sadp.Scripts.TestCase4" name="testcase4" time="8.572"/>
  <testcase classname="com.educationalDomain.sadp.Scripts.TestCase1" name="testcase1" time="17.068"/>
  <testcase classname="com.educationalDomain.sadp.GenericLibraries.BaseClass" name="@BeforeSuite configBS" time="0.0">
    <ignored/>
  </testcase> <!-- @BeforeSuite configBS -->
  <testcase classname="com.educationalDomain.sadp.GenericLibraries.BaseClass" name="@BeforeSuite configBS" time="0.0">
    <ignored/>
  </testcase> <!-- @BeforeSuite configBS -->
  <testcase classname="com.educationalDomain.sadp.GenericLibraries.BaseClass" name="@BeforeSuite configBS" time="0.0">
    <ignored/>
  </testcase> <!-- @BeforeSuite configBS -->
  <testcase classname="com.educationalDomain.sadp.GenericLibraries.BaseClass" name="@BeforeSuite configBS" time="0.0">
    <ignored/>
  </testcase> <!-- @BeforeSuite configBS -->
  <testcase classname="com.educationalDomain.sadp.GenericLibraries.BaseClass" name="@BeforeSuite configBS" time="0.0">
    <ignored/>
  </testcase> <!-- @BeforeSuite configBS -->
  <testcase classname="com.educationalDomain.sadp.GenericLibraries.BaseClass" name="@AfterSuite configAS" time="0.0">
    <ignored/>
  </testcase> <!-- @AfterSuite configAS -->
  <testcase classname="com.educationalDomain.sadp.GenericLibraries.BaseClass" name="@AfterSuite configAS" time="0.0">
    <ignored/>
  </testcase> <!-- @AfterSuite configAS -->
  <testcase classname="com.educationalDomain.sadp.GenericLibraries.BaseClass" name="@AfterSuite configAS" time="0.0">
    <ignored/>
  </testcase> <!-- @AfterSuite configAS -->
  <testcase classname="com.educationalDomain.sadp.GenericLibraries.BaseClass" name="@AfterSuite configAS" time="0.0">
    <ignored/>
  </testcase> <!-- @AfterSuite configAS -->
  <testcase classname="com.educationalDomain.sadp.GenericLibraries.BaseClass" name="@AfterSuite configAS" time="0.0">
    <ignored/>
  </testcase> <!-- @AfterSuite configAS -->
</testsuite> <!-- Test -->
