<?xml version="1.0" encoding="UTF-8"?>
<testng-results ignored="0" total="4" passed="4" failed="0" skipped="0">
  <reporter-output>
  </reporter-output>
  <suite started-at="2022-10-29T13:05:12 IST" name="Default suite" finished-at="2022-10-29T13:07:00 IST" duration-ms="108927">
    <groups>
    </groups>
    <test started-at="2022-10-29T13:05:12 IST" name="Default test" finished-at="2022-10-29T13:07:00 IST" duration-ms="108927">
      <class name="com.educationalDomain.sadp.Scripts.TestCase2">
        <test-method is-config="true" signature="configBS()[pri:0, instance:com.educationalDomain.sadp.Scripts.TestCase2@6dc17b83]" started-at="2022-10-29T13:05:11 IST" name="configBS" finished-at="2022-10-29T13:05:12 IST" duration-ms="468" status="PASS">
          <reporter-output>
          </reporter-output>
        </test-method> <!-- configBS -->
        <test-method is-config="true" signature="openApp()[pri:0, instance:com.educationalDomain.sadp.Scripts.TestCase2@6dc17b83]" started-at="2022-10-29T13:05:12 IST" name="openApp" finished-at="2022-10-29T13:05:16 IST" duration-ms="4240" status="PASS">
          <reporter-output>
          </reporter-output>
        </test-method> <!-- openApp -->
        <test-method signature="testcase2(java.lang.String,java.lang.String,java.lang.String,java.lang.String)[pri:0, instance:com.educationalDomain.sadp.Scripts.TestCase2@6dc17b83]" started-at="2022-10-29T13:05:16 IST" name="testcase2" data-provider="readExceldata" finished-at="2022-10-29T13:05:43 IST" duration-ms="26217" status="PASS">
          <params>
            <param index="0">
              <value>
                <![CDATA[Ramesh]]>
              </value>
            </param>
            <param index="1">
              <value>
                <![CDATA[ramesh@gmail.com]]>
              </value>
            </param>
            <param index="2">
              <value>
                <![CDATA[Selenium]]>
              </value>
            </param>
            <param index="3">
              <value>
                <![CDATA[test request plz don't consider]]>
              </value>
            </param>
          </params>
          <reporter-output>
          </reporter-output>
        </test-method> <!-- testcase2 -->
        <test-method is-config="true" signature="closeApp(org.testng.ITestResult)[pri:0, instance:com.educationalDomain.sadp.Scripts.TestCase2@6dc17b83]" started-at="2022-10-29T13:05:43 IST" name="closeApp" finished-at="2022-10-29T13:05:43 IST" duration-ms="256" status="PASS">
          <params>
            <param index="0">
              <value>
                <![CDATA[[TestResult name=testcase2 status=SUCCESS method=TestCase2.testcase2(java.lang.String,java.lang.String,java.lang.String,java.lang.String)[pri:0, instance:com.educationalDomain.sadp.Scripts.TestCase2@6dc17b83] output={null}]]]>
              </value>
            </param>
          </params>
          <reporter-output>
          </reporter-output>
        </test-method> <!-- closeApp -->
        <test-method is-config="true" signature="openApp()[pri:0, instance:com.educationalDomain.sadp.Scripts.TestCase2@6dc17b83]" started-at="2022-10-29T13:05:43 IST" name="openApp" finished-at="2022-10-29T13:05:46 IST" duration-ms="3073" status="PASS">
          <reporter-output>
          </reporter-output>
        </test-method> <!-- openApp -->
        <test-method signature="testcase2(java.lang.String,java.lang.String,java.lang.String,java.lang.String)[pri:0, instance:com.educationalDomain.sadp.Scripts.TestCase2@6dc17b83]" started-at="2022-10-29T13:05:46 IST" name="testcase2" data-provider="readExceldata" finished-at="2022-10-29T13:06:07 IST" duration-ms="21366" status="PASS">
          <params>
            <param index="0">
              <value>
                <![CDATA[likith]]>
              </value>
            </param>
            <param index="1">
              <value>
                <![CDATA[likith@gmail.com]]>
              </value>
            </param>
            <param index="2">
              <value>
                <![CDATA[java]]>
              </value>
            </param>
            <param index="3">
              <value>
                <![CDATA[test request plz don't consider]]>
              </value>
            </param>
          </params>
          <reporter-output>
          </reporter-output>
        </test-method> <!-- testcase2 -->
        <test-method is-config="true" signature="closeApp(org.testng.ITestResult)[pri:0, instance:com.educationalDomain.sadp.Scripts.TestCase2@6dc17b83]" started-at="2022-10-29T13:06:07 IST" name="closeApp" finished-at="2022-10-29T13:06:08 IST" duration-ms="202" status="PASS">
          <params>
            <param index="0">
              <value>
                <![CDATA[[TestResult name=testcase2 status=SUCCESS method=TestCase2.testcase2(java.lang.String,java.lang.String,java.lang.String,java.lang.String)[pri:0, instance:com.educationalDomain.sadp.Scripts.TestCase2@6dc17b83] output={null}]]]>
              </value>
            </param>
          </params>
          <reporter-output>
          </reporter-output>
        </test-method> <!-- closeApp -->
        <test-method is-config="true" signature="openApp()[pri:0, instance:com.educationalDomain.sadp.Scripts.TestCase2@6dc17b83]" started-at="2022-10-29T13:06:08 IST" name="openApp" finished-at="2022-10-29T13:06:10 IST" duration-ms="2878" status="PASS">
          <reporter-output>
          </reporter-output>
        </test-method> <!-- openApp -->
        <test-method signature="testcase2(java.lang.String,java.lang.String,java.lang.String,java.lang.String)[pri:0, instance:com.educationalDomain.sadp.Scripts.TestCase2@6dc17b83]" started-at="2022-10-29T13:06:10 IST" name="testcase2" data-provider="readExceldata" finished-at="2022-10-29T13:06:33 IST" duration-ms="22216" status="PASS">
          <params>
            <param index="0">
              <value>
                <![CDATA[sarath]]>
              </value>
            </param>
            <param index="1">
              <value>
                <![CDATA[saran@gmail.com]]>
              </value>
            </param>
            <param index="2">
              <value>
                <![CDATA[python]]>
              </value>
            </param>
            <param index="3">
              <value>
                <![CDATA[test request plz don't consider]]>
              </value>
            </param>
          </params>
          <reporter-output>
          </reporter-output>
        </test-method> <!-- testcase2 -->
        <test-method is-config="true" signature="closeApp(org.testng.ITestResult)[pri:0, instance:com.educationalDomain.sadp.Scripts.TestCase2@6dc17b83]" started-at="2022-10-29T13:06:33 IST" name="closeApp" finished-at="2022-10-29T13:06:33 IST" duration-ms="170" status="PASS">
          <params>
            <param index="0">
              <value>
                <![CDATA[[TestResult name=testcase2 status=SUCCESS method=TestCase2.testcase2(java.lang.String,java.lang.String,java.lang.String,java.lang.String)[pri:0, instance:com.educationalDomain.sadp.Scripts.TestCase2@6dc17b83] output={null}]]]>
              </value>
            </param>
          </params>
          <reporter-output>
          </reporter-output>
        </test-method> <!-- closeApp -->
        <test-method is-config="true" signature="openApp()[pri:0, instance:com.educationalDomain.sadp.Scripts.TestCase2@6dc17b83]" started-at="2022-10-29T13:06:33 IST" name="openApp" finished-at="2022-10-29T13:06:37 IST" duration-ms="3988" status="PASS">
          <reporter-output>
          </reporter-output>
        </test-method> <!-- openApp -->
        <test-method signature="testcase2(java.lang.String,java.lang.String,java.lang.String,java.lang.String)[pri:0, instance:com.educationalDomain.sadp.Scripts.TestCase2@6dc17b83]" started-at="2022-10-29T13:06:37 IST" name="testcase2" data-provider="readExceldata" finished-at="2022-10-29T13:07:00 IST" duration-ms="23419" status="PASS">
          <params>
            <param index="0">
              <value>
                <![CDATA[saran]]>
              </value>
            </param>
            <param index="1">
              <value>
                <![CDATA[sad12@gmail.com]]>
              </value>
            </param>
            <param index="2">
              <value>
                <![CDATA[.net]]>
              </value>
            </param>
            <param index="3">
              <value>
                <![CDATA[test request plz don't consider]]>
              </value>
            </param>
          </params>
          <reporter-output>
          </reporter-output>
        </test-method> <!-- testcase2 -->
        <test-method is-config="true" signature="closeApp(org.testng.ITestResult)[pri:0, instance:com.educationalDomain.sadp.Scripts.TestCase2@6dc17b83]" started-at="2022-10-29T13:07:00 IST" name="closeApp" finished-at="2022-10-29T13:07:00 IST" duration-ms="217" status="PASS">
          <params>
            <param index="0">
              <value>
                <![CDATA[[TestResult name=testcase2 status=SUCCESS method=TestCase2.testcase2(java.lang.String,java.lang.String,java.lang.String,java.lang.String)[pri:0, instance:com.educationalDomain.sadp.Scripts.TestCase2@6dc17b83] output={null}]]]>
              </value>
            </param>
          </params>
          <reporter-output>
          </reporter-output>
        </test-method> <!-- closeApp -->
        <test-method is-config="true" signature="configAS()[pri:0, instance:com.educationalDomain.sadp.Scripts.TestCase2@6dc17b83]" started-at="2022-10-29T13:07:00 IST" name="configAS" finished-at="2022-10-29T13:07:01 IST" duration-ms="286" status="PASS">
          <reporter-output>
          </reporter-output>
        </test-method> <!-- configAS -->
      </class> <!-- com.educationalDomain.sadp.Scripts.TestCase2 -->
    </test> <!-- Default test -->
  </suite> <!-- Default suite -->
</testng-results>
